<?xml version="1.0" encoding="UTF-8" standalone="no"?>
<!DOCTYPE log SYSTEM "logger.dtd">
<log>
<record>
  <date>2017-02-13T14:23:14.227-0300</date>
  <logger>IVYNA RAYANY SANTINO ALVES</logger>
  <level>FINE</level>
  <message>File 115110057-IVYNA RAYANY SANTINO ALVES.zip was received. It was sent by IVYNA RAYANY SANTINO ALVES from IP 192.168.25.6</message>
</record>
</log>
<?xml version="1.0" encoding="UTF-8" standalone="no"?>
<!DOCTYPE log SYSTEM "logger.dtd">
<log>
<record>
  <date>2017-02-13T20:52:40.045-0300</date>
  <logger>IVYNA RAYANY SANTINO ALVES</logger>
  <level>FINE</level>
  <message>File 115110057-IVYNA RAYANY SANTINO ALVES.zip was received. It was sent by IVYNA RAYANY SANTINO ALVES from IP 192.168.25.6</message>
</record>
</log>
<?xml version="1.0" encoding="UTF-8" standalone="no"?>
<!DOCTYPE log SYSTEM "logger.dtd">
<log>
<record>
  <date>2017-02-13T21:04:05.246-0300</date>
  <logger>IVYNA RAYANY SANTINO ALVES</logger>
  <level>FINE</level>
  <message>File 115110057-IVYNA RAYANY SANTINO ALVES.zip was received. It was sent by IVYNA RAYANY SANTINO ALVES from IP 192.168.25.6</message>
</record>
