<?xml version="1.0" encoding="UTF-8" standalone="no"?>
<!DOCTYPE log SYSTEM "logger.dtd">
<head/><log>
<record>
  <date>2016-11-23T16:06:41.760-0300</date>
  <logger>IVYNA RAYANY SANTINO ALVES</logger>
  <level>FINE</level>
  <message>File 115110057-IVYNA RAYANY SANTINO ALVES.zip was received. It was sent by IVYNA RAYANY SANTINO ALVES from IP 192.168.25.6</message>
</record>
</log>
<?xml version="1.0" encoding="UTF-8" standalone="no"?>
<!DOCTYPE log SYSTEM "logger.dtd">
<log>
<record>
  <date>2016-11-23T16:08:15.970-0300</date>
  <logger>IVYNA RAYANY SANTINO ALVES</logger>
  <level>FINE</level>
  <message>File 115110057-IVYNA RAYANY SANTINO ALVES.zip was received. It was sent by IVYNA RAYANY SANTINO ALVES from IP 192.168.25.6</message>
</record>
</log>
<?xml version="1.0" encoding="UTF-8" standalone="no"?>
<!DOCTYPE log SYSTEM "logger.dtd">
<log>
<record>
  <date>2016-11-23T17:27:47.625-0300</date>
  <logger>IVYNA RAYANY SANTINO ALVES</logger>
  <level>FINE</level>
  <message>File 115110057-IVYNA RAYANY SANTINO ALVES.zip was received. It was sent by IVYNA RAYANY SANTINO ALVES from IP 192.168.25.6</message>
</record>
</log>
<?xml version="1.0" encoding="UTF-8" standalone="no"?>
<!DOCTYPE log SYSTEM "logger.dtd">
<log>
<record>
  <date>2016-11-23T18:12:33.452-0300</date>
  <logger>IVYNA RAYANY SANTINO ALVES</logger>
  <level>FINE</level>
  <message>File 115110057-IVYNA RAYANY SANTINO ALVES.zip was received. It was sent by IVYNA RAYANY SANTINO ALVES from IP 192.168.25.6</message>
</record>
