<?xml version="1.0" encoding="UTF-8" standalone="no"?>
<!DOCTYPE log SYSTEM "logger.dtd">
<log>
<record>
  <date>2017-03-20T14:09:17.159-0300</date>
  <logger>IVYNA RAYANY SANTINO ALVES</logger>
  <level>FINE</level>
  <message>File 115110057-IVYNA RAYANY SANTINO ALVES.zip was received. It was sent by IVYNA RAYANY SANTINO ALVES from IP 192.168.25.9</message>
</record>
</log>
<?xml version="1.0" encoding="UTF-8" standalone="no"?>
<!DOCTYPE log SYSTEM "logger.dtd">
<log>
<record>
  <date>2017-03-20T20:17:56.618-0300</date>
  <logger>IVYNA RAYANY SANTINO ALVES</logger>
  <level>FINE</level>
  <message>File 115110057-IVYNA RAYANY SANTINO ALVES.zip was received. It was sent by IVYNA RAYANY SANTINO ALVES from IP 192.168.25.9</message>
</record>
</log>
<?xml version="1.0" encoding="UTF-8" standalone="no"?>
<!DOCTYPE log SYSTEM "logger.dtd">
<log>
<record>
  <date>2017-03-20T21:47:10.150-0300</date>
  <logger>IVYNA RAYANY SANTINO ALVES</logger>
  <level>FINE</level>
  <message>File 115110057-IVYNA RAYANY SANTINO ALVES.zip was received. It was sent by IVYNA RAYANY SANTINO ALVES from IP 192.168.25.9</message>
</record>
