<?xml version="1.0" encoding="UTF-8" standalone="no"?>
<!DOCTYPE log SYSTEM "logger.dtd">
<head/><log>
<record>
  <date>2016-12-19T14:09:47.523-0300</date>
  <logger>IVYNA RAYANY SANTINO ALVES</logger>
  <level>FINE</level>
  <message>File 115110057-IVYNA RAYANY SANTINO ALVES.zip was received. It was sent by IVYNA RAYANY SANTINO ALVES from IP 192.168.25.6</message>
</record>
</log>
<?xml version="1.0" encoding="UTF-8" standalone="no"?>
<!DOCTYPE log SYSTEM "logger.dtd">
<log>
<record>
  <date>2016-12-19T14:32:15.828-0300</date>
  <logger>IVYNA RAYANY SANTINO ALVES</logger>
  <level>FINE</level>
  <message>File 115110057-IVYNA RAYANY SANTINO ALVES.zip was received. It was sent by IVYNA RAYANY SANTINO ALVES from IP 192.168.25.6</message>
</record>
</log>
<?xml version="1.0" encoding="UTF-8" standalone="no"?>
<!DOCTYPE log SYSTEM "logger.dtd">
<log>
<record>
  <date>2016-12-19T20:45:04.026-0300</date>
  <logger>IVYNA RAYANY SANTINO ALVES</logger>
  <level>FINE</level>
  <message>File 115110057-IVYNA RAYANY SANTINO ALVES.zip was received. It was sent by IVYNA RAYANY SANTINO ALVES from IP 192.168.25.6</message>
</record>
