<?xml version="1.0" encoding="UTF-8" standalone="no"?>
<!DOCTYPE log SYSTEM "logger.dtd">
<log>
<record>
  <date>2017-02-01T16:07:11.003-0300</date>
  <logger>IVYNA RAYANY SANTINO ALVES</logger>
  <level>FINE</level>
  <message>File 115110057-IVYNA RAYANY SANTINO ALVES.zip was received. It was sent by IVYNA RAYANY SANTINO ALVES from IP 192.168.25.6</message>
</record>
</log>
<?xml version="1.0" encoding="UTF-8" standalone="no"?>
<!DOCTYPE log SYSTEM "logger.dtd">
<log>
<record>
  <date>2017-02-01T17:12:23.581-0300</date>
  <logger>IVYNA RAYANY SANTINO ALVES</logger>
  <level>FINE</level>
  <message>File 115110057-IVYNA RAYANY SANTINO ALVES.zip was received. It was sent by IVYNA RAYANY SANTINO ALVES from IP 192.168.25.6</message>
</record>
</log>
<?xml version="1.0" encoding="UTF-8" standalone="no"?>
<!DOCTYPE log SYSTEM "logger.dtd">
<log>
<record>
  <date>2017-02-01T19:25:04.738-0300</date>
  <logger>IVYNA RAYANY SANTINO ALVES</logger>
  <level>FINE</level>
  <message>File 115110057-IVYNA RAYANY SANTINO ALVES.zip was received. It was sent by IVYNA RAYANY SANTINO ALVES from IP 192.168.25.6</message>
</record>
</log>
<?xml version="1.0" encoding="UTF-8" standalone="no"?>
<!DOCTYPE log SYSTEM "logger.dtd">
<log>
<record>
  <date>2017-02-02T12:29:07.813-0300</date>
  <logger>IVYNA RAYANY SANTINO ALVES</logger>
  <level>FINE</level>
  <message>File 115110057-IVYNA RAYANY SANTINO ALVES.zip was received. It was sent by IVYNA RAYANY SANTINO ALVES from IP 192.168.25.6</message>
</record>
